2025-11-09 14:22:03,195 - VictorHub - INFO - ============================================================
2025-11-09 14:22:03,195 - VictorHub - INFO - VICTOR SYNTHETIC SUPER INTELLIGENCE HUB
2025-11-09 14:22:03,195 - VictorHub - INFO - Version 1.0.0
2025-11-09 14:22:03,195 - VictorHub - INFO - ============================================================
2025-11-09 14:22:03,195 - VictorHub - INFO - 
[1/5] Initializing Core AGI...
2025-11-09 14:22:03,195 - VictorHub - INFO - Initialized Victor Core (placeholder)
2025-11-09 14:22:03,195 - VictorHub - INFO - ✓ Core AGI initialized
2025-11-09 14:22:03,195 - VictorHub - INFO - 
[2/5] Initializing Skill Registry...
2025-11-09 14:22:03,195 - VictorHub - INFO - Initialized Skill Registry
2025-11-09 14:22:03,195 - VictorHub - INFO - ✓ Skill Registry initialized
2025-11-09 14:22:03,196 - VictorHub - INFO - 
[3/5] Initializing Task Scheduler...
2025-11-09 14:22:03,196 - VictorHub - INFO - Initialized Task Scheduler
2025-11-09 14:22:03,196 - VictorHub - INFO - ✓ Task Scheduler initialized
2025-11-09 14:22:03,196 - VictorHub - INFO - 
[4/5] Discovering Skills...
2025-11-09 14:22:03,197 - VictorHub - INFO - Registered skill: echo from Victor_Synthetic_Super_Intelligence
2025-11-09 14:22:03,197 - VictorHub - INFO - Registered skill: content_generator from Bando-Fi-AI
2025-11-09 14:22:03,197 - VictorHub - INFO - Skill discovery complete
2025-11-09 14:22:03,197 - VictorHub - INFO - ✓ Discovered 2 skills
2025-11-09 14:22:03,197 - VictorHub - INFO - 
[5/5] Loading Configuration...
2025-11-09 14:22:03,197 - VictorHub - INFO - ✓ Configuration loaded
2025-11-09 14:22:03,197 - VictorHub - INFO - 
============================================================
2025-11-09 14:22:03,197 - VictorHub - INFO - VICTOR HUB IS ONLINE
2025-11-09 14:22:03,197 - VictorHub - INFO - ============================================================
2025-11-09 14:22:03,197 - VictorHub - INFO - 
Skills available: 2
2025-11-09 14:22:03,197 - VictorHub - INFO - Tasks in queue: 0
2025-11-09 14:22:03,197 - VictorHub - INFO - 
Type 'help' for commands, 'exit' to shutdown
